This file contains any messages produced by compilers while
running configure, to aid debugging if configure makes a mistake.

It was created by configure, which was
generated by GNU Autoconf 2.69.  Invocation command line was

  $ ./configure --prefix=/Volumes/Storage/goinfre/kmeera-r/RayTracer/libs/SDL --with-sdl-prefix=/Volumes/Storage/goinfre/kmeera-r/RayTracer/libs/SDL

## --------- ##
## Platform. ##
## --------- ##

hostname = vo-f1.21-school.ru
uname -m = x86_64
uname -r = 16.7.0
uname -s = Darwin
uname -v = Darwin Kernel Version 16.7.0: Thu Jun 21 20:07:39 PDT 2018; root:xnu-3789.73.14~1/RELEASE_X86_64

/usr/bin/uname -p = i386
/bin/uname -X     = unknown

/bin/arch              = unknown
/usr/bin/arch -k       = unknown
/usr/convex/getsysinfo = unknown
/usr/bin/hostinfo      = Mach kernel version:
	 Darwin Kernel Version 16.7.0: Thu Jun 21 20:07:39 PDT 2018; root:xnu-3789.73.14~1/RELEASE_X86_64
Kernel configured for up to 4 processors.
4 processors are physically available.
4 processors are logically available.
Processor type: x86_64h (Intel x86-64h Haswell)
Processors active: 0 1 2 3
Primary memory available: 8.00 gigabytes
Default processor set: 273 tasks, 1251 threads, 4 processors
Load average: 2.82, Mach factor: 1.44
/bin/machine           = unknown
/usr/bin/oslevel       = unknown
/bin/universe          = unknown

PATH: /Users/kmeera-r/.brew/bin
PATH: /usr/local/bin
PATH: /usr/bin
PATH: /bin
PATH: /usr/sbin
PATH: /sbin
PATH: /usr/local/munki
PATH: /Users/kmeera-r/.brew/bin


## ----------- ##
## Core tests. ##
## ----------- ##

configure:2549: checking build system type
configure:2563: result: x86_64-apple-darwin16.7.0
configure:2583: checking host system type
configure:2596: result: x86_64-apple-darwin16.7.0
configure:2667: checking for gcc
configure:2683: found /usr/bin/gcc
configure:2694: result: gcc
configure:2923: checking for C compiler version
configure:2932: gcc --version >&5
Apple LLVM version 9.0.0 (clang-900.0.39.2)
Target: x86_64-apple-darwin16.7.0
Thread model: posix
InstalledDir: /Applications/Xcode.app/Contents/Developer/Toolchains/XcodeDefault.xctoolchain/usr/bin
Configured with: --prefix=/Applications/Xcode.app/Contents/Developer/usr --with-gxx-include-dir=/usr/include/c++/4.2.1
configure:2943: $? = 0
configure:2932: gcc -v >&5
Configured with: --prefix=/Applications/Xcode.app/Contents/Developer/usr --with-gxx-include-dir=/usr/include/c++/4.2.1
Apple LLVM version 9.0.0 (clang-900.0.39.2)
Target: x86_64-apple-darwin16.7.0
Thread model: posix
InstalledDir: /Applications/Xcode.app/Contents/Developer/Toolchains/XcodeDefault.xctoolchain/usr/bin
configure:2943: $? = 0
configure:2932: gcc -V >&5
clang: error: argument to '-V' is missing (expected 1 value)
clang: error: no input files
configure:2943: $? = 1
configure:2932: gcc -qversion >&5
clang: error: unknown argument: '-qversion'
clang: error: no input files
configure:2943: $? = 1
configure:2963: checking whether the C compiler works
configure:2985: gcc    conftest.c  >&5
configure:2989: $? = 0
configure:3037: result: yes
configure:3040: checking for C compiler default output file name
configure:3042: result: a.out
configure:3048: checking for suffix of executables
configure:3055: gcc -o conftest    conftest.c  >&5
configure:3059: $? = 0
configure:3081: result: 
configure:3103: checking whether we are cross compiling
configure:3111: gcc -o conftest    conftest.c  >&5
configure:3115: $? = 0
configure:3122: ./conftest
configure:3126: $? = 0
configure:3141: result: no
configure:3146: checking for suffix of object files
configure:3168: gcc -c   conftest.c >&5
configure:3172: $? = 0
configure:3193: result: o
configure:3197: checking whether we are using the GNU C compiler
configure:3216: gcc -c   conftest.c >&5
configure:3216: $? = 0
configure:3225: result: yes
configure:3234: checking whether gcc accepts -g
configure:3254: gcc -c -g  conftest.c >&5
configure:3254: $? = 0
configure:3295: result: yes
configure:3312: checking for gcc option to accept ISO C89
configure:3375: gcc  -c -g -O2  conftest.c >&5
configure:3375: $? = 0
configure:3388: result: none needed
configure:3413: checking whether gcc understands -c and -o together
configure:3435: gcc -c conftest.c -o conftest2.o
configure:3438: $? = 0
configure:3435: gcc -c conftest.c -o conftest2.o
configure:3438: $? = 0
configure:3450: result: yes
configure:3467: checking for a sed that does not truncate output
configure:3531: result: /usr/bin/sed
configure:3549: checking for grep that handles long lines and -e
configure:3607: result: /usr/bin/grep
configure:3612: checking for egrep
configure:3674: result: /usr/bin/grep -E
configure:3679: checking for fgrep
configure:3741: result: /usr/bin/grep -F
configure:3776: checking for ld used by gcc
configure:3843: result: /Applications/Xcode.app/Contents/Developer/Toolchains/XcodeDefault.xctoolchain/usr/bin/ld
configure:3850: checking if the linker (/Applications/Xcode.app/Contents/Developer/Toolchains/XcodeDefault.xctoolchain/usr/bin/ld) is GNU ld
configure:3865: result: no
configure:3877: checking for BSD- or MS-compatible name lister (nm)
configure:3926: result: /usr/bin/nm -B
configure:4044: checking the name lister (/usr/bin/nm -B) interface
configure:4051: gcc -c -g -O2  conftest.c >&5
configure:4054: /usr/bin/nm -B "conftest.o"
configure:4057: output
00000000000001ec S _some_variable
configure:4064: result: BSD nm
configure:4067: checking whether ln -s works
configure:4071: result: yes
configure:4079: checking the maximum length of command line arguments
configure:4205: result: 196608
configure:4222: checking whether the shell understands some XSI constructs
configure:4232: result: yes
configure:4236: checking whether the shell understands "+="
configure:4242: result: yes
configure:4277: checking for /Applications/Xcode.app/Contents/Developer/Toolchains/XcodeDefault.xctoolchain/usr/bin/ld option to reload object files
configure:4284: result: -r
configure:4353: checking for objdump
configure:4369: found /usr/bin/objdump
configure:4380: result: objdump
configure:4409: checking how to recognize dependent libraries
configure:4607: result: pass_all
configure:4667: checking for ar
configure:4683: found /usr/bin/ar
configure:4694: result: ar
configure:4772: checking for strip
configure:4788: found /usr/bin/strip
configure:4799: result: strip
configure:4871: checking for ranlib
configure:4887: found /usr/bin/ranlib
configure:4898: result: ranlib
configure:4988: checking command to parse /usr/bin/nm -B output from gcc object
configure:5106: gcc -c -g -O2  conftest.c >&5
configure:5109: $? = 0
configure:5113: /usr/bin/nm -B conftest.o \| sed -n -e 's/^.*[	 ]\([BCDEGRST][BCDEGRST]*\)[	 ][	 ]*\([_A-Za-z][_A-Za-z0-9]*\)$/\1 \2 \2/p' \> conftest.nm
configure:5116: $? = 0
cannot find nm_test_var in conftest.nm
configure:5106: gcc -c -g -O2  conftest.c >&5
configure:5109: $? = 0
configure:5113: /usr/bin/nm -B conftest.o \| sed -n -e 's/^.*[	 ]\([BCDEGRST][BCDEGRST]*\)[	 ][	 ]*_\([_A-Za-z][_A-Za-z0-9]*\)$/\1 _\2 \2/p' \> conftest.nm
configure:5116: $? = 0
configure:5170: gcc -o conftest -g -O2   conftest.c conftstm.o >&5
warning: (x86_64)  could not find object file symbol for symbol _main
configure:5173: $? = 0
configure:5211: result: ok
configure:5479: checking for dsymutil
configure:5495: found /usr/bin/dsymutil
configure:5506: result: dsymutil
configure:5571: checking for nmedit
configure:5587: found /usr/bin/nmedit
configure:5598: result: nmedit
configure:5663: checking for lipo
configure:5679: found /usr/bin/lipo
configure:5690: result: lipo
configure:5755: checking for otool
configure:5771: found /usr/bin/otool
configure:5782: result: otool
configure:5847: checking for otool64
configure:5877: result: no
configure:5922: checking for -single_module linker flag
gcc -g -O2  -o libconftest.dylib -dynamiclib -Wl,-single_module conftest.c
configure:5949: result: yes
configure:5951: checking for -exported_symbols_list linker flag
configure:5971: gcc -o conftest -g -O2   -Wl,-exported_symbols_list,conftest.sym conftest.c  >&5
configure:5971: $? = 0
configure:5981: result: yes
configure:6023: checking how to run the C preprocessor
configure:6054: gcc -E  conftest.c
configure:6054: $? = 0
configure:6068: gcc -E  conftest.c
conftest.c:9:10: fatal error: 'ac_nonexistent.h' file not found
#include <ac_nonexistent.h>
         ^~~~~~~~~~~~~~~~~~
1 error generated.
configure:6068: $? = 1
configure: failed program was:
| /* confdefs.h */
| #define PACKAGE_NAME ""
| #define PACKAGE_TARNAME ""
| #define PACKAGE_VERSION ""
| #define PACKAGE_STRING ""
| #define PACKAGE_BUGREPORT ""
| #define PACKAGE_URL ""
| /* end confdefs.h.  */
| #include <ac_nonexistent.h>
configure:6093: result: gcc -E
configure:6113: gcc -E  conftest.c
configure:6113: $? = 0
configure:6127: gcc -E  conftest.c
conftest.c:9:10: fatal error: 'ac_nonexistent.h' file not found
#include <ac_nonexistent.h>
         ^~~~~~~~~~~~~~~~~~
1 error generated.
configure:6127: $? = 1
configure: failed program was:
| /* confdefs.h */
| #define PACKAGE_NAME ""
| #define PACKAGE_TARNAME ""
| #define PACKAGE_VERSION ""
| #define PACKAGE_STRING ""
| #define PACKAGE_BUGREPORT ""
| #define PACKAGE_URL ""
| /* end confdefs.h.  */
| #include <ac_nonexistent.h>
configure:6156: checking for ANSI C header files
configure:6176: gcc -c -g -O2  conftest.c >&5
configure:6176: $? = 0
configure:6249: gcc -o conftest -g -O2   conftest.c  >&5
configure:6249: $? = 0
configure:6249: ./conftest
configure:6249: $? = 0
configure:6260: result: yes
configure:6273: checking for sys/types.h
configure:6273: gcc -c -g -O2  conftest.c >&5
configure:6273: $? = 0
configure:6273: result: yes
configure:6273: checking for sys/stat.h
configure:6273: gcc -c -g -O2  conftest.c >&5
configure:6273: $? = 0
configure:6273: result: yes
configure:6273: checking for stdlib.h
configure:6273: gcc -c -g -O2  conftest.c >&5
configure:6273: $? = 0
configure:6273: result: yes
configure:6273: checking for string.h
configure:6273: gcc -c -g -O2  conftest.c >&5
configure:6273: $? = 0
configure:6273: result: yes
configure:6273: checking for memory.h
configure:6273: gcc -c -g -O2  conftest.c >&5
configure:6273: $? = 0
configure:6273: result: yes
configure:6273: checking for strings.h
configure:6273: gcc -c -g -O2  conftest.c >&5
configure:6273: $? = 0
configure:6273: result: yes
configure:6273: checking for inttypes.h
configure:6273: gcc -c -g -O2  conftest.c >&5
configure:6273: $? = 0
configure:6273: result: yes
configure:6273: checking for stdint.h
configure:6273: gcc -c -g -O2  conftest.c >&5
configure:6273: $? = 0
configure:6273: result: yes
configure:6273: checking for unistd.h
configure:6273: gcc -c -g -O2  conftest.c >&5
configure:6273: $? = 0
configure:6273: result: yes
configure:6287: checking for dlfcn.h
configure:6287: gcc -c -g -O2  conftest.c >&5
configure:6287: $? = 0
configure:6287: result: yes
configure:6769: checking for objdir
configure:6784: result: .libs
configure:7080: checking if gcc supports -fno-rtti -fno-exceptions
configure:7098: gcc -c -g -O2  -fno-rtti -fno-exceptions conftest.c >&5
configure:7102: $? = 0
configure:7115: result: yes
configure:7135: checking for gcc option to produce PIC
configure:7407: result: -fno-common -DPIC
configure:7419: checking if gcc PIC flag -fno-common -DPIC works
configure:7437: gcc -c -g -O2  -fno-common -DPIC -DPIC conftest.c >&5
configure:7441: $? = 0
configure:7454: result: yes
configure:7478: checking if gcc static flag -static works
configure:7506: result: no
configure:7521: checking if gcc supports -c -o file.o
configure:7542: gcc -c -g -O2  -o out/conftest2.o conftest.c >&5
configure:7546: $? = 0
configure:7568: result: yes
configure:7576: checking if gcc supports -c -o file.o
configure:7623: result: yes
configure:7656: checking whether the gcc linker (/Applications/Xcode.app/Contents/Developer/Toolchains/XcodeDefault.xctoolchain/usr/bin/ld) supports shared libraries
configure:8642: result: yes
configure:8881: checking dynamic linker characteristics
configure:9534: result: darwin16.7.0 dyld
configure:9636: checking how to hardcode library paths into programs
configure:9661: result: immediate
configure:10181: checking whether stripping libraries is possible
configure:10195: result: yes
configure:10221: checking if libtool supports shared libraries
configure:10223: result: yes
configure:10226: checking whether to build shared libraries
configure:10247: result: yes
configure:10250: checking whether to build static libraries
configure:10254: result: yes
configure:10318: checking for a BSD-compatible install
configure:10386: result: /usr/bin/install -c
configure:10397: checking whether build environment is sane
configure:10452: result: yes
configure:10600: checking for a thread-safe mkdir -p
configure:10639: result: ./install-sh -c -d
configure:10646: checking for gawk
configure:10676: result: no
configure:10646: checking for mawk
configure:10676: result: no
configure:10646: checking for nawk
configure:10676: result: no
configure:10646: checking for awk
configure:10662: found /usr/bin/awk
configure:10673: result: awk
configure:10684: checking whether make sets $(MAKE)
configure:10706: result: yes
configure:10728: checking whether make supports the include directive
configure:10743: make -f confmf.GNU && cat confinc.out
this is the am__doit target
configure:10746: $? = 0
configure:10765: result: yes (GNU style)
configure:10798: checking whether make supports nested variables
configure:10815: result: yes
configure:10901: checking dependency style of gcc
configure:11012: result: gcc3
configure:11120: checking for gcc
configure:11147: result: gcc
configure:11376: checking for C compiler version
configure:11385: gcc --version >&5
Apple LLVM version 9.0.0 (clang-900.0.39.2)
Target: x86_64-apple-darwin16.7.0
Thread model: posix
InstalledDir: /Applications/Xcode.app/Contents/Developer/Toolchains/XcodeDefault.xctoolchain/usr/bin
Configured with: --prefix=/Applications/Xcode.app/Contents/Developer/usr --with-gxx-include-dir=/usr/include/c++/4.2.1
configure:11396: $? = 0
configure:11385: gcc -v >&5
Configured with: --prefix=/Applications/Xcode.app/Contents/Developer/usr --with-gxx-include-dir=/usr/include/c++/4.2.1
Apple LLVM version 9.0.0 (clang-900.0.39.2)
Target: x86_64-apple-darwin16.7.0
Thread model: posix
InstalledDir: /Applications/Xcode.app/Contents/Developer/Toolchains/XcodeDefault.xctoolchain/usr/bin
configure:11396: $? = 0
configure:11385: gcc -V >&5
clang: error: argument to '-V' is missing (expected 1 value)
clang: error: no input files
configure:11396: $? = 1
configure:11385: gcc -qversion >&5
clang: error: unknown argument: '-qversion'
clang: error: no input files
configure:11396: $? = 1
configure:11400: checking whether we are using the GNU C compiler
configure:11428: result: yes
configure:11437: checking whether gcc accepts -g
configure:11498: result: yes
configure:11515: checking for gcc option to accept ISO C89
configure:11591: result: none needed
configure:11616: checking whether gcc understands -c and -o together
configure:11653: result: yes
configure:11724: checking for gcc
configure:11740: found /usr/bin/gcc
configure:11751: result: gcc
configure:11776: checking for Objective C compiler version
configure:11785: gcc --version >&5
Apple LLVM version 9.0.0 (clang-900.0.39.2)
Target: x86_64-apple-darwin16.7.0
Thread model: posix
InstalledDir: /Applications/Xcode.app/Contents/Developer/Toolchains/XcodeDefault.xctoolchain/usr/bin
Configured with: --prefix=/Applications/Xcode.app/Contents/Developer/usr --with-gxx-include-dir=/usr/include/c++/4.2.1
configure:11796: $? = 0
configure:11785: gcc -v >&5
Configured with: --prefix=/Applications/Xcode.app/Contents/Developer/usr --with-gxx-include-dir=/usr/include/c++/4.2.1
Apple LLVM version 9.0.0 (clang-900.0.39.2)
Target: x86_64-apple-darwin16.7.0
Thread model: posix
InstalledDir: /Applications/Xcode.app/Contents/Developer/Toolchains/XcodeDefault.xctoolchain/usr/bin
configure:11796: $? = 0
configure:11785: gcc -V >&5
clang: error: argument to '-V' is missing (expected 1 value)
clang: error: no input files
configure:11796: $? = 1
configure:11785: gcc -qversion >&5
clang: error: unknown argument: '-qversion'
clang: error: no input files
configure:11796: $? = 1
configure:11800: checking whether we are using the GNU Objective C compiler
configure:11819: gcc -c   conftest.m >&5
configure:11819: $? = 0
configure:11828: result: yes
configure:11837: checking whether gcc accepts -g
configure:11857: gcc -c -g  conftest.m >&5
configure:11857: $? = 0
configure:11898: result: yes
configure:11923: checking dependency style of gcc
configure:12032: result: gcc3
configure:12047: checking for inline
configure:12063: gcc -c -g -O2  conftest.c >&5
configure:12063: $? = 0
configure:12071: result: inline
configure:12090: checking whether make sets $(MAKE)
configure:12112: result: yes
configure:12130: checking for windres
configure:12160: result: no
configure:12130: checking for darwin16.7.0-windres
configure:12160: result: no
configure:12195: checking for ImageIO support
configure:12197: result: yes
configure:12295: checking for pkg-config
configure:12313: found /Users/kmeera-r/.brew/bin/pkg-config
configure:12325: result: /Users/kmeera-r/.brew/bin/pkg-config
configure:12350: checking pkg-config is at least version 0.9.0
configure:12353: result: yes
configure:12486: checking for sdl2-config
configure:12517: result: /Volumes/Storage/goinfre/kmeera-r/RayTracer/libs/SDL/bin/sdl2-config
configure:12526: checking for SDL - version >= 2.0.8
configure:12614: gcc -o conftest -g -O2 -I/Volumes/Storage/goinfre/kmeera-r/RayTracer/libs/SDL/include/SDL2 -D_THREAD_SAFE   conftest.c  -L/Volumes/Storage/goinfre/kmeera-r/RayTracer/libs/SDL/lib -lSDL2 >&5
configure:12614: $? = 0
configure:12614: ./conftest
configure:12614: $? = 0
configure:12629: result: yes
configure:13190: checking for LIBWEBP
configure:13198: $PKG_CONFIG --exists --print-errors "libwebp"
Package libwebp was not found in the pkg-config search path.
Perhaps you should add the directory containing `libwebp.pc'
to the PKG_CONFIG_PATH environment variable
No package 'libwebp' found
configure:13201: $? = 1
configure:13216: $PKG_CONFIG --exists --print-errors "libwebp"
Package libwebp was not found in the pkg-config search path.
Perhaps you should add the directory containing `libwebp.pc'
to the PKG_CONFIG_PATH environment variable
No package 'libwebp' found
configure:13219: $? = 1
No package 'libwebp' found
configure:13247: result: no
configure:13249: checking webp/decode.h usability
configure:13249: gcc -c -g -O2 -I/Volumes/Storage/goinfre/kmeera-r/RayTracer/libs/SDL/include/SDL2 -D_THREAD_SAFE  conftest.c >&5
conftest.c:56:10: fatal error: 'webp/decode.h' file not found
#include <webp/decode.h>
         ^~~~~~~~~~~~~~~
1 error generated.
configure:13249: $? = 1
configure: failed program was:
| /* confdefs.h */
| #define PACKAGE_NAME ""
| #define PACKAGE_TARNAME ""
| #define PACKAGE_VERSION ""
| #define PACKAGE_STRING ""
| #define PACKAGE_BUGREPORT ""
| #define PACKAGE_URL ""
| #define STDC_HEADERS 1
| #define HAVE_SYS_TYPES_H 1
| #define HAVE_SYS_STAT_H 1
| #define HAVE_STDLIB_H 1
| #define HAVE_STRING_H 1
| #define HAVE_MEMORY_H 1
| #define HAVE_STRINGS_H 1
| #define HAVE_INTTYPES_H 1
| #define HAVE_STDINT_H 1
| #define HAVE_UNISTD_H 1
| #define HAVE_DLFCN_H 1
| #define LT_OBJDIR ".libs/"
| #define PACKAGE "SDL2_image"
| #define VERSION "2.0.4"
| /* end confdefs.h.  */
| #include <stdio.h>
| #ifdef HAVE_SYS_TYPES_H
| # include <sys/types.h>
| #endif
| #ifdef HAVE_SYS_STAT_H
| # include <sys/stat.h>
| #endif
| #ifdef STDC_HEADERS
| # include <stdlib.h>
| # include <stddef.h>
| #else
| # ifdef HAVE_STDLIB_H
| #  include <stdlib.h>
| # endif
| #endif
| #ifdef HAVE_STRING_H
| # if !defined STDC_HEADERS && defined HAVE_MEMORY_H
| #  include <memory.h>
| # endif
| # include <string.h>
| #endif
| #ifdef HAVE_STRINGS_H
| # include <strings.h>
| #endif
| #ifdef HAVE_INTTYPES_H
| # include <inttypes.h>
| #endif
| #ifdef HAVE_STDINT_H
| # include <stdint.h>
| #endif
| #ifdef HAVE_UNISTD_H
| # include <unistd.h>
| #endif
| #include <webp/decode.h>
configure:13249: result: no
configure:13249: checking webp/decode.h presence
configure:13249: gcc -E  conftest.c
conftest.c:23:10: fatal error: 'webp/decode.h' file not found
#include <webp/decode.h>
         ^~~~~~~~~~~~~~~
1 error generated.
configure:13249: $? = 1
configure: failed program was:
| /* confdefs.h */
| #define PACKAGE_NAME ""
| #define PACKAGE_TARNAME ""
| #define PACKAGE_VERSION ""
| #define PACKAGE_STRING ""
| #define PACKAGE_BUGREPORT ""
| #define PACKAGE_URL ""
| #define STDC_HEADERS 1
| #define HAVE_SYS_TYPES_H 1
| #define HAVE_SYS_STAT_H 1
| #define HAVE_STDLIB_H 1
| #define HAVE_STRING_H 1
| #define HAVE_MEMORY_H 1
| #define HAVE_STRINGS_H 1
| #define HAVE_INTTYPES_H 1
| #define HAVE_STDINT_H 1
| #define HAVE_UNISTD_H 1
| #define HAVE_DLFCN_H 1
| #define LT_OBJDIR ".libs/"
| #define PACKAGE "SDL2_image"
| #define VERSION "2.0.4"
| /* end confdefs.h.  */
| #include <webp/decode.h>
configure:13249: result: no
configure:13249: checking for webp/decode.h
configure:13249: result: no
configure:13258: checking for WebPGetDecoderVersion in -lwebp
configure:13283: gcc -o conftest -g -O2 -I/Volumes/Storage/goinfre/kmeera-r/RayTracer/libs/SDL/include/SDL2 -D_THREAD_SAFE   conftest.c -lwebp -lm  -L/Volumes/Storage/goinfre/kmeera-r/RayTracer/libs/SDL/lib -lSDL2 >&5
ld: library not found for -lwebp
clang: error: linker command failed with exit code 1 (use -v to see invocation)
configure:13283: $? = 1
configure: failed program was:
| /* confdefs.h */
| #define PACKAGE_NAME ""
| #define PACKAGE_TARNAME ""
| #define PACKAGE_VERSION ""
| #define PACKAGE_STRING ""
| #define PACKAGE_BUGREPORT ""
| #define PACKAGE_URL ""
| #define STDC_HEADERS 1
| #define HAVE_SYS_TYPES_H 1
| #define HAVE_SYS_STAT_H 1
| #define HAVE_STDLIB_H 1
| #define HAVE_STRING_H 1
| #define HAVE_MEMORY_H 1
| #define HAVE_STRINGS_H 1
| #define HAVE_INTTYPES_H 1
| #define HAVE_STDINT_H 1
| #define HAVE_UNISTD_H 1
| #define HAVE_DLFCN_H 1
| #define LT_OBJDIR ".libs/"
| #define PACKAGE "SDL2_image"
| #define VERSION "2.0.4"
| /* end confdefs.h.  */
| 
| /* Override any GCC internal prototype to avoid an error.
|    Use char because int might match the return type of a GCC
|    builtin and then its argument prototype would still apply.  */
| #ifdef __cplusplus
| extern "C"
| #endif
| char WebPGetDecoderVersion ();
| int
| main ()
| {
| return WebPGetDecoderVersion ();
|   ;
|   return 0;
| }
configure:13292: result: no
configure:13384: WARNING: *** Unable to find WEBP library (http://code.google.com/intl/en-US/speed/webp/index.html)
configure:13386: WARNING: WEBP Pimage loading disabled
configure:13648: checking that generated files are newer than configure
configure:13654: result: done
configure:13689: creating ./config.status

## ---------------------- ##
## Running config.status. ##
## ---------------------- ##

This file was extended by config.status, which was
generated by GNU Autoconf 2.69.  Invocation command line was

  CONFIG_FILES    = 
  CONFIG_HEADERS  = 
  CONFIG_LINKS    = 
  CONFIG_COMMANDS = 
  $ ./config.status 

on vo-f1.21-school.ru

config.status:1020: creating Makefile
config.status:1020: creating SDL2_image.spec
config.status:1020: creating SDL2_image.pc
config.status:1192: executing libtool commands
config.status:1192: executing depfiles commands
config.status:1910: cd .       && sed -e '/# am--include-marker/d' Makefile         | make -f - am--depfiles
make[1]: Nothing to be done for `am--depfiles'.
config.status:1915: $? = 0

## ---------------- ##
## Cache variables. ##
## ---------------- ##

ac_cv_build=x86_64-apple-darwin16.7.0
ac_cv_c_compiler_gnu=yes
ac_cv_c_inline=inline
ac_cv_env_CC_set=
ac_cv_env_CC_value=
ac_cv_env_CFLAGS_set=
ac_cv_env_CFLAGS_value=
ac_cv_env_CPPFLAGS_set=
ac_cv_env_CPPFLAGS_value=
ac_cv_env_CPP_set=
ac_cv_env_CPP_value=
ac_cv_env_LDFLAGS_set=
ac_cv_env_LDFLAGS_value=
ac_cv_env_LIBPNG_CFLAGS_set=
ac_cv_env_LIBPNG_CFLAGS_value=
ac_cv_env_LIBPNG_LIBS_set=
ac_cv_env_LIBPNG_LIBS_value=
ac_cv_env_LIBS_set=
ac_cv_env_LIBS_value=
ac_cv_env_LIBWEBP_CFLAGS_set=
ac_cv_env_LIBWEBP_CFLAGS_value=
ac_cv_env_LIBWEBP_LIBS_set=
ac_cv_env_LIBWEBP_LIBS_value=
ac_cv_env_OBJCFLAGS_set=
ac_cv_env_OBJCFLAGS_value=
ac_cv_env_OBJC_set=
ac_cv_env_OBJC_value=
ac_cv_env_PKG_CONFIG_set=
ac_cv_env_PKG_CONFIG_value=
ac_cv_env_SDL_CFLAGS_set=
ac_cv_env_SDL_CFLAGS_value=
ac_cv_env_SDL_LIBS_set=
ac_cv_env_SDL_LIBS_value=
ac_cv_env_build_alias_set=
ac_cv_env_build_alias_value=
ac_cv_env_host_alias_set=
ac_cv_env_host_alias_value=
ac_cv_env_target_alias_set=
ac_cv_env_target_alias_value=
ac_cv_header_dlfcn_h=yes
ac_cv_header_inttypes_h=yes
ac_cv_header_memory_h=yes
ac_cv_header_stdc=yes
ac_cv_header_stdint_h=yes
ac_cv_header_stdlib_h=yes
ac_cv_header_string_h=yes
ac_cv_header_strings_h=yes
ac_cv_header_sys_stat_h=yes
ac_cv_header_sys_types_h=yes
ac_cv_header_unistd_h=yes
ac_cv_header_webp_decode_h=no
ac_cv_host=x86_64-apple-darwin16.7.0
ac_cv_lib_webp_WebPGetDecoderVersion=no
ac_cv_objc_compiler_gnu=yes
ac_cv_objext=o
ac_cv_path_EGREP='/usr/bin/grep -E'
ac_cv_path_FGREP='/usr/bin/grep -F'
ac_cv_path_GREP=/usr/bin/grep
ac_cv_path_SDL2_CONFIG=/Volumes/Storage/goinfre/kmeera-r/RayTracer/libs/SDL/bin/sdl2-config
ac_cv_path_SED=/usr/bin/sed
ac_cv_path_ac_pt_PKG_CONFIG=/Users/kmeera-r/.brew/bin/pkg-config
ac_cv_path_install='/usr/bin/install -c'
ac_cv_prog_AWK=awk
ac_cv_prog_CPP='gcc -E'
ac_cv_prog_ac_ct_AR=ar
ac_cv_prog_ac_ct_CC=gcc
ac_cv_prog_ac_ct_DSYMUTIL=dsymutil
ac_cv_prog_ac_ct_LIPO=lipo
ac_cv_prog_ac_ct_NMEDIT=nmedit
ac_cv_prog_ac_ct_OBJC=gcc
ac_cv_prog_ac_ct_OBJDUMP=objdump
ac_cv_prog_ac_ct_OTOOL=otool
ac_cv_prog_ac_ct_RANLIB=ranlib
ac_cv_prog_ac_ct_STRIP=strip
ac_cv_prog_cc_c89=
ac_cv_prog_cc_g=yes
ac_cv_prog_make_make_set=yes
ac_cv_prog_objc_g=yes
am_cv_CC_dependencies_compiler_type=gcc3
am_cv_OBJC_dependencies_compiler_type=gcc3
am_cv_make_support_nested_variables=yes
am_cv_prog_cc_c_o=yes
lt_cv_apple_cc_single_mod=yes
lt_cv_deplibs_check_method=pass_all
lt_cv_file_magic_cmd='$MAGIC_CMD'
lt_cv_file_magic_test_file=
lt_cv_ld_exported_symbols_list=yes
lt_cv_ld_reload_flag=-r
lt_cv_nm_interface='BSD nm'
lt_cv_objdir=.libs
lt_cv_path_LD=/Applications/Xcode.app/Contents/Developer/Toolchains/XcodeDefault.xctoolchain/usr/bin/ld
lt_cv_path_NM='/usr/bin/nm -B'
lt_cv_prog_compiler_c_o=yes
lt_cv_prog_compiler_pic_works=yes
lt_cv_prog_compiler_rtti_exceptions=yes
lt_cv_prog_compiler_static_works=no
lt_cv_prog_gnu_ld=no
lt_cv_sys_global_symbol_pipe='sed -n -e '\''s/^.*[	 ]\([BCDEGRST][BCDEGRST]*\)[	 ][	 ]*_\([_A-Za-z][_A-Za-z0-9]*\)$/\1 _\2 \2/p'\'''
lt_cv_sys_global_symbol_to_c_name_address='sed -n -e '\''s/^: \([^ ]*\) $/  {\"\1\", (void *) 0},/p'\'' -e '\''s/^[BCDEGRST]* \([^ ]*\) \([^ ]*\)$/  {"\2", (void *) \&\2},/p'\'''
lt_cv_sys_global_symbol_to_c_name_address_lib_prefix='sed -n -e '\''s/^: \([^ ]*\) $/  {\"\1\", (void *) 0},/p'\'' -e '\''s/^[BCDEGRST]* \([^ ]*\) \(lib[^ ]*\)$/  {"\2", (void *) \&\2},/p'\'' -e '\''s/^[BCDEGRST]* \([^ ]*\) \([^ ]*\)$/  {"lib\2", (void *) \&\2},/p'\'''
lt_cv_sys_global_symbol_to_cdecl='sed -n -e '\''s/^T .* \(.*\)$/extern int \1();/p'\'' -e '\''s/^[BCDEGRST]* .* \(.*\)$/extern char \1;/p'\'''
lt_cv_sys_max_cmd_len=196608

## ----------------- ##
## Output variables. ##
## ----------------- ##

ACLOCAL='${SHELL} /Volumes/Storage/goinfre/kmeera-r/RayTracer/libs/SDL/SDL2_image/missing aclocal-1.16'
AMDEPBACKSLASH='\'
AMDEP_FALSE='#'
AMDEP_TRUE=''
AMTAR='$${TAR-tar}'
AM_BACKSLASH='\'
AM_DEFAULT_V='$(AM_DEFAULT_VERBOSITY)'
AM_DEFAULT_VERBOSITY='1'
AM_V='$(V)'
AR='ar'
AS='as'
AUTOCONF='${SHELL} /Volumes/Storage/goinfre/kmeera-r/RayTracer/libs/SDL/SDL2_image/missing autoconf'
AUTOHEADER='${SHELL} /Volumes/Storage/goinfre/kmeera-r/RayTracer/libs/SDL/SDL2_image/missing autoheader'
AUTOMAKE='${SHELL} /Volumes/Storage/goinfre/kmeera-r/RayTracer/libs/SDL/SDL2_image/missing automake-1.16'
AWK='awk'
BINARY_AGE='4'
CC='gcc'
CCDEPMODE='depmode=gcc3'
CFLAGS='-g -O2 -I/Volumes/Storage/goinfre/kmeera-r/RayTracer/libs/SDL/include/SDL2 -D_THREAD_SAFE'
CPP='gcc -E'
CPPFLAGS=''
CYGPATH_W='echo'
DEFS='-DPACKAGE_NAME=\"\" -DPACKAGE_TARNAME=\"\" -DPACKAGE_VERSION=\"\" -DPACKAGE_STRING=\"\" -DPACKAGE_BUGREPORT=\"\" -DPACKAGE_URL=\"\" -DSTDC_HEADERS=1 -DHAVE_SYS_TYPES_H=1 -DHAVE_SYS_STAT_H=1 -DHAVE_STDLIB_H=1 -DHAVE_STRING_H=1 -DHAVE_MEMORY_H=1 -DHAVE_STRINGS_H=1 -DHAVE_INTTYPES_H=1 -DHAVE_STDINT_H=1 -DHAVE_UNISTD_H=1 -DHAVE_DLFCN_H=1 -DLT_OBJDIR=\".libs/\" -DPACKAGE=\"SDL2_image\" -DVERSION=\"2.0.4\" -DLOAD_BMP=1 -DLOAD_GIF=1 -DLOAD_LBM=1 -DLOAD_PCX=1 -DLOAD_PNM=1 -DLOAD_SVG=1 -DLOAD_TGA=1 -DLOAD_XCF=1 -DLOAD_XPM=1 -DLOAD_XV=1'
DEPDIR='.deps'
DLLTOOL='dlltool'
DSYMUTIL='dsymutil'
DUMPBIN=''
ECHO_C='\c'
ECHO_N=''
ECHO_T=''
EGREP='/usr/bin/grep -E'
EXEEXT=''
FGREP='/usr/bin/grep -F'
GREP='/usr/bin/grep'
IMG_LIBS='-Wl,-framework,ApplicationServices -lobjc '
INSTALL_DATA='${INSTALL} -m 644'
INSTALL_PROGRAM='${INSTALL}'
INSTALL_SCRIPT='${INSTALL}'
INSTALL_STRIP_PROGRAM='$(install_sh) -c -s'
INTERFACE_AGE='2'
LD='/Applications/Xcode.app/Contents/Developer/Toolchains/XcodeDefault.xctoolchain/usr/bin/ld'
LDFLAGS=''
LIBOBJS=''
LIBPNG_CFLAGS=''
LIBPNG_LIBS=''
LIBS=' -L/Volumes/Storage/goinfre/kmeera-r/RayTracer/libs/SDL/lib -lSDL2'
LIBTOOL='$(SHELL) $(top_builddir)/libtool'
LIBWEBP_CFLAGS=''
LIBWEBP_LIBS=''
LIPO='lipo'
LN_S='ln -s'
LTLIBOBJS=''
LT_AGE='2'
LT_CURRENT='2'
LT_RELEASE='2.0'
LT_REVISION='2'
MAJOR_VERSION='2'
MAKEINFO='${SHELL} /Volumes/Storage/goinfre/kmeera-r/RayTracer/libs/SDL/SDL2_image/missing makeinfo'
MICRO_VERSION='4'
MINOR_VERSION='0'
MKDIR_P='./install-sh -c -d'
NM='/usr/bin/nm -B'
NMEDIT='nmedit'
OBJC='gcc'
OBJCDEPMODE='depmode=gcc3'
OBJCFLAGS='-g -O2 -I/Volumes/Storage/goinfre/kmeera-r/RayTracer/libs/SDL/include/SDL2 -D_THREAD_SAFE'
OBJDUMP='objdump'
OBJEXT='o'
OTOOL64=':'
OTOOL='otool'
PACKAGE='SDL2_image'
PACKAGE_BUGREPORT=''
PACKAGE_NAME=''
PACKAGE_STRING=''
PACKAGE_TARNAME=''
PACKAGE_URL=''
PACKAGE_VERSION=''
PATH_SEPARATOR=':'
PKG_CONFIG='/Users/kmeera-r/.brew/bin/pkg-config'
RANLIB='ranlib'
SDL2_CONFIG='/Volumes/Storage/goinfre/kmeera-r/RayTracer/libs/SDL/bin/sdl2-config'
SDL_CFLAGS='-I/Volumes/Storage/goinfre/kmeera-r/RayTracer/libs/SDL/include/SDL2 -D_THREAD_SAFE'
SDL_LIBS='-L/Volumes/Storage/goinfre/kmeera-r/RayTracer/libs/SDL/lib -lSDL2'
SDL_VERSION='2.0.8'
SED='/usr/bin/sed'
SET_MAKE=''
SHELL='/bin/sh'
STRIP='strip'
USE_IMAGEIO_FALSE='#'
USE_IMAGEIO_TRUE=''
USE_VERSION_RC_FALSE=''
USE_VERSION_RC_TRUE='#'
VERSION='2.0.4'
WINDRES=''
ac_ct_CC='gcc'
ac_ct_DUMPBIN=''
ac_ct_OBJC='gcc'
am__EXEEXT_FALSE=''
am__EXEEXT_TRUE='#'
am__fastdepCC_FALSE='#'
am__fastdepCC_TRUE=''
am__fastdepOBJC_FALSE='#'
am__fastdepOBJC_TRUE=''
am__include='include'
am__isrc=''
am__leading_dot='.'
am__nodep='_no'
am__quote=''
am__tar='$${TAR-tar} chof - "$$tardir"'
am__untar='$${TAR-tar} xf -'
bindir='${exec_prefix}/bin'
build='x86_64-apple-darwin16.7.0'
build_alias=''
build_cpu='x86_64'
build_os='darwin16.7.0'
build_vendor='apple'
datadir='${datarootdir}'
datarootdir='${prefix}/share'
docdir='${datarootdir}/doc/${PACKAGE}'
dvidir='${docdir}'
exec_prefix='${prefix}'
host='x86_64-apple-darwin16.7.0'
host_alias=''
host_cpu='x86_64'
host_os='darwin16.7.0'
host_vendor='apple'
htmldir='${docdir}'
includedir='${prefix}/include'
infodir='${datarootdir}/info'
install_sh='${SHELL} /Volumes/Storage/goinfre/kmeera-r/RayTracer/libs/SDL/SDL2_image/install-sh'
libdir='${exec_prefix}/lib'
libexecdir='${exec_prefix}/libexec'
localedir='${datarootdir}/locale'
localstatedir='${prefix}/var'
lt_ECHO='/bin/echo'
mandir='${datarootdir}/man'
mkdir_p='$(MKDIR_P)'
oldincludedir='/usr/include'
pdfdir='${docdir}'
prefix='/Volumes/Storage/goinfre/kmeera-r/RayTracer/libs/SDL'
program_transform_name='s,x,x,'
psdir='${docdir}'
sbindir='${exec_prefix}/sbin'
sharedstatedir='${prefix}/com'
sysconfdir='${prefix}/etc'
target_alias=''

## ----------- ##
## confdefs.h. ##
## ----------- ##

/* confdefs.h */
#define PACKAGE_NAME ""
#define PACKAGE_TARNAME ""
#define PACKAGE_VERSION ""
#define PACKAGE_STRING ""
#define PACKAGE_BUGREPORT ""
#define PACKAGE_URL ""
#define STDC_HEADERS 1
#define HAVE_SYS_TYPES_H 1
#define HAVE_SYS_STAT_H 1
#define HAVE_STDLIB_H 1
#define HAVE_STRING_H 1
#define HAVE_MEMORY_H 1
#define HAVE_STRINGS_H 1
#define HAVE_INTTYPES_H 1
#define HAVE_STDINT_H 1
#define HAVE_UNISTD_H 1
#define HAVE_DLFCN_H 1
#define LT_OBJDIR ".libs/"
#define PACKAGE "SDL2_image"
#define VERSION "2.0.4"
#define LOAD_BMP 1
#define LOAD_GIF 1
#define LOAD_LBM 1
#define LOAD_PCX 1
#define LOAD_PNM 1
#define LOAD_SVG 1
#define LOAD_TGA 1
#define LOAD_XCF 1
#define LOAD_XPM 1
#define LOAD_XV 1

configure: exit 0
